0 info it worked if it ends with ok
1 verbose cli [ '/usr/local/Cellar/node/5.2.0/bin/node',
1 verbose cli   '/usr/local/bin/npm',
1 verbose cli   'run',
1 verbose cli   'save' ]
2 info using npm@3.3.12
3 info using node@v5.2.0
4 verbose run-script [ 'presave', 'save', 'postsave' ]
5 info lifecycle dominoes@1.0.0~presave: dominoes@1.0.0
6 silly lifecycle dominoes@1.0.0~presave: no script for presave, continuing
7 info lifecycle dominoes@1.0.0~save: dominoes@1.0.0
8 verbose lifecycle dominoes@1.0.0~save: unsafe-perm in lifecycle true
9 verbose lifecycle dominoes@1.0.0~save: PATH: /usr/local/lib/node_modules/npm/bin/node-gyp-bin:/Applications/XAMPP/xamppfiles/htdocs/tt/dominoes/node_modules/.bin:/usr/local/sbin:/usr/local/sbin:/usr/local/bin:/usr/bin:/bin:/usr/sbin:/sbin
10 verbose lifecycle dominoes@1.0.0~save: CWD: /Applications/XAMPP/xamppfiles/htdocs/tt/dominoes
11 silly lifecycle dominoes@1.0.0~save: Args: [ '-c',
11 silly lifecycle   'git add --all && git commit -m \'save\' && git push orgin -u' ]
12 silly lifecycle dominoes@1.0.0~save: Returned: code: 128  signal: null
13 info lifecycle dominoes@1.0.0~save: Failed to exec save script
14 verbose stack Error: dominoes@1.0.0 save: `git add --all && git commit -m 'save' && git push orgin -u`
14 verbose stack Exit status 128
14 verbose stack     at EventEmitter.<anonymous> (/usr/local/lib/node_modules/npm/lib/utils/lifecycle.js:232:16)
14 verbose stack     at emitTwo (events.js:88:13)
14 verbose stack     at EventEmitter.emit (events.js:173:7)
14 verbose stack     at ChildProcess.<anonymous> (/usr/local/lib/node_modules/npm/lib/utils/spawn.js:24:14)
14 verbose stack     at emitTwo (events.js:88:13)
14 verbose stack     at ChildProcess.emit (events.js:173:7)
14 verbose stack     at maybeClose (internal/child_process.js:819:16)
14 verbose stack     at Process.ChildProcess._handle.onexit (internal/child_process.js:212:5)
15 verbose pkgid dominoes@1.0.0
16 verbose cwd /Applications/XAMPP/xamppfiles/htdocs/tt/dominoes
17 error Darwin 14.5.0
18 error argv "/usr/local/Cellar/node/5.2.0/bin/node" "/usr/local/bin/npm" "run" "save"
19 error node v5.2.0
20 error npm  v3.3.12
21 error code ELIFECYCLE
22 error dominoes@1.0.0 save: `git add --all && git commit -m 'save' && git push orgin -u`
22 error Exit status 128
23 error Failed at the dominoes@1.0.0 save script 'git add --all && git commit -m 'save' && git push orgin -u'.
23 error Make sure you have the latest version of node.js and npm installed.
23 error If you do, this is most likely a problem with the dominoes package,
23 error not with npm itself.
23 error Tell the author that this fails on your system:
23 error     git add --all && git commit -m 'save' && git push orgin -u
23 error You can get their info via:
23 error     npm owner ls dominoes
23 error There is likely additional logging output above.
24 verbose exit [ 1, true ]
